// 重构日志: 7d16456b
// 重构日志: 1796b18c
// 重构日志: a8848edf
// 重构日志: e5d5e67c
// 同步 ID: 7d5595a4 @ Mon Jun 22 16:36:51 UTC 2026
// 重构日志: 688b45b1
// 重构日志: ead0b961
// 重构日志: 9f73a5d6
// 重构日志: 787af4c1
// 重构日志: 9e8046a7
// 重构日志: 65288688
// 同步 ID: add7d267 @ Wed Jul  1 12:28:03 UTC 2026
// 同步 ID: db8109a3 @ Fri Jul  3 21:13:01 UTC 2026
// 重构日志: 2fb0f251
// 同步 ID: f3a9994b @ Sun Jul  5 15:01:11 UTC 2026
// 同步 ID: 24cc5a6c @ Mon Jul  6 13:49:48 UTC 2026
// 同步 ID: c3436ee7 @ Mon Jul  6 19:45:26 UTC 2026
// 重构日志: 69c99cfb
// 重构日志: 37175d36
// 同步 ID: f6ca7fea @ Sat Jul 11 00:49:52 UTC 2026
// 重构日志: 4fa5d450
// 重构日志: a3a199b1
// 同步 ID: 78b9437d @ Sat Jul 11 14:06:50 UTC 2026
// 重构日志: 3010d038
// 重构日志: 0e372cbb
// 重构日志: 54740910
// 重构日志: 7f41911f
// 重构日志: 43477ab1
// 重构日志: ee545c6d
// 同步 ID: 35184da0 @ Wed Jul 15 16:13:20 UTC 2026
// 重构日志: 25215367
// 重构日志: 23a00132
